{"logTime": "0409/025753", "correlationVector":"u563ih/Fxg0bu33iL8Xqqx","action":"SyncServerConnectionManagerRequest", "result":"CONNECTION_UNAVAILABLE", "context":{"error_type":"net_error_code", "error_value":"-3"}}
{"logTime": "0409/033042", "correlationVector":"sCKoJepnT4BGZ1GymC9/oI.1","action":"SyncServerConnectionManagerRequest", "result":"SYNC_SERVER_OK", "context":{"environment":"Prod_southindia_prod-s01-004-apac-southindia", "migrationStage":"NotStarted", "server":"akswtt01100001t"}}
{"logTime": "0409/033042", "correlationVector":"sCKoJepnT4BGZ1GymC9/oI.2","action":"ProcessGetUpdates", "result":"Done", "context":{"dataType":"Encryption Keys", "deleted":"0", "process_failed_to_decrypt":"0", "process_pending_decryption":"0", "process_success":"1", "total":"1"}}
{"logTime": "0409/033044", "correlationVector":"tcrfWI8mA5MMW/b65NqnDV","action":"SyncServerConnectionManagerRequest", "result":"SYNC_SERVER_OK", "context":{"environment":"", "migrationStage":"", "server":""}}
{"logTime": "0409/033044", "correlationVector":"tcrfWI8mA5MMW/b65NqnDV.0","action":"EncryptionKeysFetcher.DownloadKeys:", "result":"Success", "context":Key count: 5, Last key timestamp: 2025-01-04T13:47:46Z}
{"logTime": "0409/033044", "correlationVector":"tcrfWI8mA5MMW/b65NqnDV.1","action":"EncryptionKeysManager::SetEncryptionKeys:", "result":"Success", "context":Key names[5]:[x31uf3JydoCHcN9DVCWmiGqiGg1sgolgZgF0gCExP+YONRDMJhasrPdHVuWHcLQFv5Xeg9OCX2EuYABQZ40hgg==][Mb0htGf/7FVXfCTkVC+9Ov+PpvneXeHv3EtsC/8rA920p74P0M3Vk/mQSii3Wy5B4u2LxVnhTo4FY7ZFQORC4A==][Z5x/cSAQv7YyP3vVzmQPtxZGPNNa04cZJxtYh7BJ1owD3N7JzecTvH1Qit3S3M3M1SFAfgtql5KAUTWZRXAPkQ==][FGK6KA7mFE6sT1iCpUq/Dp3zUs7zlkdMKrDKnVn+GBiMC0BpMPNf0nIvMWhJjDhOkpYxSAwp5nrteK7gxVYFlw==][qunuuN4fg9C/LphqnZghFt+Di3uUx9j1kmvgLXjdJBj/4OIaR2aZF691TAUcXHqlNYy6e+dLc47BPSpoWCE05g==]}
{"logTime": "0409/033044", "correlationVector":"tcrfWI8mA5MMW/b65NqnDV.2","action":"EncryptionKeysManager::SetEncryptionKeysWithTimestamps:", "result":"Success", "context":Key timestamps[5]:[2022-12-25T07:05:44Z][2023-06-25T04:38:45Z][2023-12-27T15:32:58Z][2024-07-07T09:16:10Z][2025-01-04T13:47:46Z]}
{"logTime": "0409/033044", "correlationVector":"sCKoJepnT4BGZ1GymC9/oI","action":"Initial GetUpdates", "result":"", "context":Reason: NEW_CLIENT. cV=sCKoJepnT4BGZ1GymC9/oI}
{"logTime": "0409/033044", "correlationVector":"sCKoJepnT4BGZ1GymC9/oI.3","action":"GetUpdates Response", "result":"Success", "context":Received 1 update(s). cV=sCKoJepnT4BGZ1GymC9/oI.0;server=akswtt01100001t;cloudType=Consumer;environment=Prod_southindia_prod-s01-004-apac-southindia;migrationStage=NotStarted}
{"logTime": "0409/033044", "correlationVector":"5TJb3oubayrZsNohKoxiIf","action":"Initial GetUpdates", "result":"", "context":Reason: NEWLY_SUPPORTED_DATATYPE. cV=5TJb3oubayrZsNohKoxiIf}
{"logTime": "0409/033044", "correlationVector":"5TJb3oubayrZsNohKoxiIf.1","action":"SyncServerConnectionManagerRequest", "result":"SYNC_SERVER_OK", "context":{"environment":"Prod_southindia_prod-s01-004-apac-southindia", "migrationStage":"NotStarted", "server":"akswtt01100001n"}}
{"logTime": "0409/033044", "correlationVector":"5TJb3oubayrZsNohKoxiIf.2","action":"ProcessGetUpdates", "result":"Done", "context":{"dataType":"Preferences", "deleted":"12", "process_failed_to_decrypt":"0", "process_pending_decryption":"0", "process_success":"79", "total":"79"}}
{"logTime": "0409/033044", "correlationVector":"5TJb3oubayrZsNohKoxiIf.3","action":"ProcessGetUpdates", "result":"Done", "context":{"dataType":"Passwords", "deleted":"0", "process_failed_to_decrypt":"0", "process_pending_decryption":"0", "process_success":"5", "total":"5"}}
{"logTime": "0409/033044", "correlationVector":"5TJb3oubayrZsNohKoxiIf.4","action":"ProcessGetUpdates", "result":"Done", "context":{"dataType":"Device Info", "deleted":"0", "process_failed_to_decrypt":"0", "process_pending_decryption":"0", "process_success":"9", "total":"9"}}
{"logTime": "0409/033044", "correlationVector":"5TJb3oubayrZsNohKoxiIf.5","action":"GetUpdates Response", "result":"Success", "context":Received 93 update(s). cV=5TJb3oubayrZsNohKoxiIf.0;server=akswtt01100001n;cloudType=Consumer;environment=Prod_southindia_prod-s01-004-apac-southindia;migrationStage=NotStarted}
{"logTime": "0409/033044", "correlationVector":"ttHpK5kpvcDTYe3DBJPnA2","action":"Initial GetUpdates", "result":"", "context":Reason: NEWLY_SUPPORTED_DATATYPE. cV=ttHpK5kpvcDTYe3DBJPnA2}
{"logTime": "0409/033044", "correlationVector":"ttHpK5kpvcDTYe3DBJPnA2.1","action":"SyncServerConnectionManagerRequest", "result":"SYNC_SERVER_OK", "context":{"environment":"Prod_southindia_prod-s01-004-apac-southindia", "migrationStage":"NotStarted", "server":"akswtt01100002z"}}
{"logTime": "0409/033044", "correlationVector":"ttHpK5kpvcDTYe3DBJPnA2.2","action":"ProcessGetUpdates", "result":"Done", "context":{"dataType":"Bookmarks", "deleted":"0", "process_failed_to_decrypt":"0", "process_pending_decryption":"0", "process_success":"9", "total":"9"}}
{"logTime": "0409/033044", "correlationVector":"ttHpK5kpvcDTYe3DBJPnA2.3","action":"GetUpdates Response", "result":"Success", "context":Received 9 update(s). cV=ttHpK5kpvcDTYe3DBJPnA2.0;server=akswtt01100002z;cloudType=Consumer;environment=Prod_southindia_prod-s01-004-apac-southindia;migrationStage=NotStarted}
{"logTime": "0409/033044", "correlationVector":"V1IcOL7lJM/Q2DIMosqz4V","action":"Initial GetUpdates", "result":"", "context":Reason: NEWLY_SUPPORTED_DATATYPE. cV=V1IcOL7lJM/Q2DIMosqz4V}
{"logTime": "0409/033045", "correlationVector":"V1IcOL7lJM/Q2DIMosqz4V.1","action":"SyncServerConnectionManagerRequest", "result":"SYNC_SERVER_OK", "context":{"environment":"Prod_southindia_prod-s01-004-apac-southindia", "migrationStage":"NotStarted", "server":"akswtt011000005"}}
{"logTime": "0409/033045", "correlationVector":"V1IcOL7lJM/Q2DIMosqz4V.2","action":"ProcessGetUpdates", "result":"Done", "context":{"dataType":"Autofill", "deleted":"0", "process_failed_to_decrypt":"0", "process_pending_decryption":"0", "process_success":"1", "total":"1"}}
{"logTime": "0409/033045", "correlationVector":"V1IcOL7lJM/Q2DIMosqz4V.3","action":"ProcessGetUpdates", "result":"Done", "context":{"dataType":"Extensions", "deleted":"0", "process_failed_to_decrypt":"0", "process_pending_decryption":"0", "process_success":"1", "total":"1"}}
{"logTime": "0409/033045", "correlationVector":"V1IcOL7lJM/Q2DIMosqz4V.4","action":"ProcessGetUpdates", "result":"Done", "context":{"dataType":"Sessions", "deleted":"29", "process_failed_to_decrypt":"0", "process_pending_decryption":"0", "process_success":"51", "total":"51"}}
{"logTime": "0409/033045", "correlationVector":"V1IcOL7lJM/Q2DIMosqz4V.5","action":"ProcessGetUpdates", "result":"Done", "context":{"dataType":"Edge Hub App Usage", "deleted":"0", "process_failed_to_decrypt":"0", "process_pending_decryption":"0", "process_success":"2", "total":"2"}}
{"logTime": "0409/033045", "correlationVector":"V1IcOL7lJM/Q2DIMosqz4V.6","action":"GetUpdates Response", "result":"Success", "context":Received 55 update(s). cV=V1IcOL7lJM/Q2DIMosqz4V.0;server=akswtt011000005;cloudType=Consumer;environment=Prod_southindia_prod-s01-004-apac-southindia;migrationStage=NotStarted}
{"logTime": "0409/033045", "correlationVector":"quwcOjCtszszqkK++tPvnx","action":"Initial GetUpdates", "result":"", "context":Reason: NEWLY_SUPPORTED_DATATYPE. cV=quwcOjCtszszqkK++tPvnx}
{"logTime": "0409/033045", "correlationVector":"quwcOjCtszszqkK++tPvnx.1","action":"SyncServerConnectionManagerRequest", "result":"SYNC_SERVER_OK", "context":{"environment":"Prod_southindia_prod-s01-004-apac-southindia", "migrationStage":"NotStarted", "server":"akswtt01100000f"}}
{"logTime": "0409/033045", "correlationVector":"quwcOjCtszszqkK++tPvnx.2","action":"ProcessGetUpdates", "result":"Done", "context":{"dataType":"History", "deleted":"0", "process_failed_to_decrypt":"0", "process_pending_decryption":"0", "process_success":"96", "total":"96"}}
{"logTime": "0409/033045", "correlationVector":"quwcOjCtszszqkK++tPvnx.3","action":"GetUpdates Response", "result":"Success", "context":Received 96 update(s). cV=quwcOjCtszszqkK++tPvnx.0;server=akswtt01100000f;cloudType=Consumer;environment=Prod_southindia_prod-s01-004-apac-southindia;migrationStage=NotStarted}
{"logTime": "0409/033045", "correlationVector":"Zl3eRBq0VXP6V5y+m7ydge","action":"Normal GetUpdate request", "result":"", "context":cV=Zl3eRBq0VXP6V5y+m7ydge
Nudged types: Bookmarks, Preferences, Sessions, Device Info, User Consents
Refresh requested types: Bookmarks, Preferences, Passwords, Autofill Profiles, Autofill, Extensions, Sessions, Extension settings, History Delete Directives, Device Info, User Consents, Send Tab To Self, Web Apps, History, Saved Tab Group, Collection, Edge E Drop, Edge Hub App Usage, Edge Tab Group, Edge Wallet, Encryption Keys}
{"logTime": "0409/033045", "correlationVector":"Zl3eRBq0VXP6V5y+m7ydge.1","action":"SyncServerConnectionManagerRequest", "result":"SYNC_SERVER_OK", "context":{"environment":"Prod_southindia_prod-s01-004-apac-southindia", "migrationStage":"NotStarted", "server":"akswtt011000005"}}
{"logTime": "0409/033045", "correlationVector":"Zl3eRBq0VXP6V5y+m7ydge.2","action":"GetUpdates Response", "result":"Success", "context":Received 0 update(s). cV=Zl3eRBq0VXP6V5y+m7ydge.0;server=akswtt011000005;cloudType=Consumer;environment=Prod_southindia_prod-s01-004-apac-southindia;migrationStage=NotStarted}
{"logTime": "0409/033045", "correlationVector":"+UQsbRF10xthJJrc9a2exo","action":"Commit Request", "result":"", "context":Item count: 7
Contributing types: Bookmarks, Preferences, Sessions, Device Info, User Consents}
{"logTime": "0409/033046", "correlationVector":"+UQsbRF10xthJJrc9a2exo.1","action":"SyncServerConnectionManagerRequest", "result":"SYNC_SERVER_OK", "context":{"environment":"Prod_southindia_prod-s01-004-apac-southindia", "migrationStage":"NotStarted", "server":"akswtt01100002z"}}
{"logTime": "0409/033046", "correlationVector":"+UQsbRF10xthJJrc9a2exo.2","action":"Commit Response", "result":"Success", "context":Result: Success. cV=+UQsbRF10xthJJrc9a2exo.0;server=akswtt01100002z;cloudType=Consumer;environment=Prod_southindia_prod-s01-004-apac-southindia;migrationStage=NotStarted}
{"logTime": "0409/033053", "correlationVector":"6OI9giQ/g8qQK6CdEGnARE","action":"Commit Request", "result":"", "context":Item count: 3
Contributing types: Preferences, Sessions, History}
{"logTime": "0409/033107", "correlationVector":"6OI9giQ/g8qQK6CdEGnARE.1","action":"SyncServerConnectionManagerRequest", "result":"SYNC_SERVER_OK", "context":{"environment":"Prod_southindia_prod-s01-004-apac-southindia", "migrationStage":"NotStarted", "server":"akswtt011000037"}}
{"logTime": "0409/033107", "correlationVector":"6OI9giQ/g8qQK6CdEGnARE.2","action":"Commit Response", "result":"Success", "context":Result: Success. cV=6OI9giQ/g8qQK6CdEGnARE.0;server=akswtt011000037;cloudType=Consumer;environment=Prod_southindia_prod-s01-004-apac-southindia;migrationStage=NotStarted}
{"logTime": "0409/033324", "correlationVector":"xfJEqs80v82LktSkFJC7pi","action":"Commit Request", "result":"", "context":Item count: 4
Contributing types: Sessions, History}
{"logTime": "0409/033325", "correlationVector":"xfJEqs80v82LktSkFJC7pi.1","action":"SyncServerConnectionManagerRequest", "result":"SYNC_SERVER_OK", "context":{"environment":"Prod_southindia_prod-s01-004-apac-southindia", "migrationStage":"NotStarted", "server":"akswtt01100001i"}}
{"logTime": "0409/033325", "correlationVector":"xfJEqs80v82LktSkFJC7pi.2","action":"Commit Response", "result":"Success", "context":Result: Success. cV=xfJEqs80v82LktSkFJC7pi.0;server=akswtt01100001i;cloudType=Consumer;environment=Prod_southindia_prod-s01-004-apac-southindia;migrationStage=NotStarted}
{"logTime": "0409/033442", "correlationVector":"YsIQXr19BEUiEkiKd5nSBn","action":"Commit Request", "result":"", "context":Item count: 1
Contributing types: Sessions}
{"logTime": "0409/033442", "correlationVector":"YsIQXr19BEUiEkiKd5nSBn.1","action":"SyncServerConnectionManagerRequest", "result":"SYNC_SERVER_OK", "context":{"environment":"Prod_southindia_prod-s01-004-apac-southindia", "migrationStage":"NotStarted", "server":"akswtt01100000g"}}
{"logTime": "0409/033442", "correlationVector":"YsIQXr19BEUiEkiKd5nSBn.2","action":"Commit Response", "result":"Success", "context":Result: Success. cV=YsIQXr19BEUiEkiKd5nSBn.0;server=akswtt01100000g;cloudType=Consumer;environment=Prod_southindia_prod-s01-004-apac-southindia;migrationStage=NotStarted}
{"logTime": "0409/033726", "correlationVector":"YdHIpx5Jp+fiNjxg2ppCdF","action":"Commit Request", "result":"", "context":Item count: 1
Contributing types: Sessions}
{"logTime": "0409/033729", "correlationVector":"YdHIpx5Jp+fiNjxg2ppCdF.1","action":"SyncServerConnectionManagerRequest", "result":"SYNC_SERVER_OK", "context":{"environment":"Prod_southindia_prod-s01-004-apac-southindia", "migrationStage":"NotStarted", "server":"akswtt01100003a"}}
{"logTime": "0409/033729", "correlationVector":"YdHIpx5Jp+fiNjxg2ppCdF.2","action":"Commit Response", "result":"Success", "context":Result: Success. cV=YdHIpx5Jp+fiNjxg2ppCdF.0;server=akswtt01100003a;cloudType=Consumer;environment=Prod_southindia_prod-s01-004-apac-southindia;migrationStage=NotStarted}
{"logTime": "0409/033841", "correlationVector":"3yIalYIqeTk/woDVSvxMg0.1","action":"SyncServerConnectionManagerRequest", "result":"SYNC_SERVER_OK", "context":{"environment":"Prod_southindia_prod-s01-004-apac-southindia", "migrationStage":"NotStarted", "server":"akswtt01100001j"}}
{"logTime": "0409/033841", "correlationVector":"3yIalYIqeTk/woDVSvxMg0.2","action":"ProcessGetUpdates", "result":"Done", "context":{"dataType":"Encryption Keys", "deleted":"0", "process_failed_to_decrypt":"0", "process_pending_decryption":"0", "process_success":"1", "total":"1"}}
{"logTime": "0409/033842", "correlationVector":"x4r9C0mnpTjqZQks54k7N9","action":"SyncServerConnectionManagerRequest", "result":"SYNC_SERVER_OK", "context":{"environment":"", "migrationStage":"", "server":""}}
{"logTime": "0409/033842", "correlationVector":"x4r9C0mnpTjqZQks54k7N9.0","action":"EncryptionKeysFetcher.DownloadKeys:", "result":"Success", "context":Key count: 5, Last key timestamp: 2025-01-04T13:47:46Z}
{"logTime": "0409/033842", "correlationVector":"x4r9C0mnpTjqZQks54k7N9.1","action":"EncryptionKeysManager::SetEncryptionKeys:", "result":"Success", "context":Key names[5]:[x31uf3JydoCHcN9DVCWmiGqiGg1sgolgZgF0gCExP+YONRDMJhasrPdHVuWHcLQFv5Xeg9OCX2EuYABQZ40hgg==][Mb0htGf/7FVXfCTkVC+9Ov+PpvneXeHv3EtsC/8rA920p74P0M3Vk/mQSii3Wy5B4u2LxVnhTo4FY7ZFQORC4A==][Z5x/cSAQv7YyP3vVzmQPtxZGPNNa04cZJxtYh7BJ1owD3N7JzecTvH1Qit3S3M3M1SFAfgtql5KAUTWZRXAPkQ==][FGK6KA7mFE6sT1iCpUq/Dp3zUs7zlkdMKrDKnVn+GBiMC0BpMPNf0nIvMWhJjDhOkpYxSAwp5nrteK7gxVYFlw==][qunuuN4fg9C/LphqnZghFt+Di3uUx9j1kmvgLXjdJBj/4OIaR2aZF691TAUcXHqlNYy6e+dLc47BPSpoWCE05g==]}
{"logTime": "0409/033842", "correlationVector":"x4r9C0mnpTjqZQks54k7N9.2","action":"EncryptionKeysManager::SetEncryptionKeysWithTimestamps:", "result":"Success", "context":Key timestamps[5]:[2022-12-25T07:05:44Z][2023-06-25T04:38:45Z][2023-12-27T15:32:58Z][2024-07-07T09:16:10Z][2025-01-04T13:47:46Z]}
{"logTime": "0409/033842", "correlationVector":"3yIalYIqeTk/woDVSvxMg0","action":"Initial GetUpdates", "result":"", "context":Reason: NEW_CLIENT. cV=3yIalYIqeTk/woDVSvxMg0}
{"logTime": "0409/033842", "correlationVector":"3yIalYIqeTk/woDVSvxMg0.3","action":"GetUpdates Response", "result":"Success", "context":Received 1 update(s). cV=3yIalYIqeTk/woDVSvxMg0.0;server=akswtt01100001j;cloudType=Consumer;environment=Prod_southindia_prod-s01-004-apac-southindia;migrationStage=NotStarted}
{"logTime": "0409/033842", "correlationVector":"6RX/7CwoOBogy2SfMVUvlr","action":"Initial GetUpdates", "result":"", "context":Reason: NEWLY_SUPPORTED_DATATYPE. cV=6RX/7CwoOBogy2SfMVUvlr}
{"logTime": "0409/033842", "correlationVector":"6RX/7CwoOBogy2SfMVUvlr.1","action":"SyncServerConnectionManagerRequest", "result":"SYNC_SERVER_OK", "context":{"environment":"Prod_southindia_prod-s01-004-apac-southindia", "migrationStage":"NotStarted", "server":"akswtt01100001q"}}
{"logTime": "0409/033842", "correlationVector":"6RX/7CwoOBogy2SfMVUvlr.2","action":"ProcessGetUpdates", "result":"Done", "context":{"dataType":"Passwords", "deleted":"0", "process_failed_to_decrypt":"0", "process_pending_decryption":"0", "process_success":"5", "total":"5"}}
{"logTime": "0409/033842", "correlationVector":"6RX/7CwoOBogy2SfMVUvlr.3","action":"GetUpdates Response", "result":"Success", "context":Received 5 update(s). cV=6RX/7CwoOBogy2SfMVUvlr.0;server=akswtt01100001q;cloudType=Consumer;environment=Prod_southindia_prod-s01-004-apac-southindia;migrationStage=NotStarted}
{"logTime": "0409/033842", "correlationVector":"FwRoqwX1dJ4Zu+ZdGIcPk3","action":"Initial GetUpdates", "result":"", "context":Reason: NEWLY_SUPPORTED_DATATYPE. cV=FwRoqwX1dJ4Zu+ZdGIcPk3}
{"logTime": "0409/033843", "correlationVector":"FwRoqwX1dJ4Zu+ZdGIcPk3.1","action":"SyncServerConnectionManagerRequest", "result":"SYNC_SERVER_OK", "context":{"environment":"Prod_southindia_prod-s01-004-apac-southindia", "migrationStage":"NotStarted", "server":"akswtt01100002x"}}
{"logTime": "0409/033843", "correlationVector":"FwRoqwX1dJ4Zu+ZdGIcPk3.2","action":"ProcessGetUpdates", "result":"Done", "context":{"dataType":"Bookmarks", "deleted":"0", "process_failed_to_decrypt":"0", "process_pending_decryption":"0", "process_success":"9", "total":"9"}}
{"logTime": "0409/033843", "correlationVector":"FwRoqwX1dJ4Zu+ZdGIcPk3.3","action":"GetUpdates Response", "result":"Success", "context":Received 9 update(s). cV=FwRoqwX1dJ4Zu+ZdGIcPk3.0;server=akswtt01100002x;cloudType=Consumer;environment=Prod_southindia_prod-s01-004-apac-southindia;migrationStage=NotStarted}
{"logTime": "0409/033843", "correlationVector":"n1MZ5LhYJUZ9YR/RqL2pnj","action":"Normal GetUpdate request", "result":"", "context":cV=n1MZ5LhYJUZ9YR/RqL2pnj
Nudged types: Sessions, History
Refresh requested types: Bookmarks, Preferences, Passwords, Autofill Profiles, Autofill, Extensions, Sessions, Extension settings, History Delete Directives, Device Info, User Consents, Send Tab To Self, Web Apps, History, Saved Tab Group, Collection, Edge E Drop, Edge Hub App Usage, Edge Tab Group, Edge Wallet, Encryption Keys}
{"logTime": "0409/033843", "correlationVector":"n1MZ5LhYJUZ9YR/RqL2pnj.1","action":"SyncServerConnectionManagerRequest", "result":"SYNC_SERVER_OK", "context":{"environment":"Prod_southindia_prod-s01-004-apac-southindia", "migrationStage":"NotStarted", "server":"akswtt01100000e"}}
{"logTime": "0409/033843", "correlationVector":"n1MZ5LhYJUZ9YR/RqL2pnj.2","action":"ProcessGetUpdates", "result":"Done", "context":{"dataType":"Preferences", "deleted":"0", "process_failed_to_decrypt":"0", "process_pending_decryption":"0", "process_success":"2", "total":"2"}}
{"logTime": "0409/033843", "correlationVector":"n1MZ5LhYJUZ9YR/RqL2pnj.3","action":"ProcessGetUpdates", "result":"Done", "context":{"dataType":"Sessions", "deleted":"0", "process_failed_to_decrypt":"0", "process_pending_decryption":"0", "process_success":"2", "total":"2"}}
{"logTime": "0409/033843", "correlationVector":"n1MZ5LhYJUZ9YR/RqL2pnj.4","action":"ProcessGetUpdates", "result":"Done", "context":{"dataType":"Device Info", "deleted":"0", "process_failed_to_decrypt":"0", "process_pending_decryption":"0", "process_success":"1", "total":"1"}}
{"logTime": "0409/033843", "correlationVector":"n1MZ5LhYJUZ9YR/RqL2pnj.5","action":"ProcessGetUpdates", "result":"Done", "context":{"dataType":"History", "deleted":"0", "process_failed_to_decrypt":"0", "process_pending_decryption":"0", "process_success":"3", "total":"3"}}
{"logTime": "0409/033843", "correlationVector":"n1MZ5LhYJUZ9YR/RqL2pnj.6","action":"GetUpdates Response", "result":"Success", "context":Received 8 update(s). cV=n1MZ5LhYJUZ9YR/RqL2pnj.0;server=akswtt01100000e;cloudType=Consumer;environment=Prod_southindia_prod-s01-004-apac-southindia;migrationStage=NotStarted}
{"logTime": "0409/033843", "correlationVector":"pa9YeRd/q1CIsBapqCd9Mm","action":"Commit Request", "result":"", "context":Item count: 8
Contributing types: Preferences, Sessions, History}
{"logTime": "0409/033844", "correlationVector":"pa9YeRd/q1CIsBapqCd9Mm.1","action":"SyncServerConnectionManagerRequest", "result":"SYNC_SERVER_OK", "context":{"environment":"Prod_southindia_prod-s01-004-apac-southindia", "migrationStage":"NotStarted", "server":"akswtt01100001m"}}
{"logTime": "0409/033844", "correlationVector":"pa9YeRd/q1CIsBapqCd9Mm.2","action":"Commit Response", "result":"Success", "context":Result: Success. cV=pa9YeRd/q1CIsBapqCd9Mm.0;server=akswtt01100001m;cloudType=Consumer;environment=Prod_southindia_prod-s01-004-apac-southindia;migrationStage=NotStarted}
{"logTime": "0409/033846", "correlationVector":"1fyG323uDWt0ycmRHRCGmL","action":"Commit Request", "result":"", "context":Item count: 3
Contributing types: Sessions, History}
{"logTime": "0409/033846", "correlationVector":"1fyG323uDWt0ycmRHRCGmL.1","action":"SyncServerConnectionManagerRequest", "result":"SYNC_SERVER_OK", "context":{"environment":"Prod_southindia_prod-s01-004-apac-southindia", "migrationStage":"NotStarted", "server":"akswtt011000002"}}
{"logTime": "0409/033846", "correlationVector":"1fyG323uDWt0ycmRHRCGmL.2","action":"Commit Response", "result":"Success", "context":Result: Success. cV=1fyG323uDWt0ycmRHRCGmL.0;server=akswtt011000002;cloudType=Consumer;environment=Prod_southindia_prod-s01-004-apac-southindia;migrationStage=NotStarted}
{"logTime": "0409/033846", "correlationVector":"1fyG323uDWt0ycmRHRCGmL.3","action":"Commit.Sessions", "result":"Success", "context":{"id":"87cdc5dc-2560-4716-85c8-5e9ed2a34d96", "isDeleted":"true", "size":"0", "version":"1744169925502"}}
{"logTime": "0409/033851", "correlationVector":"L/jIdXRRo/LPzyPb97fu/g","action":"Commit Request", "result":"", "context":Item count: 1
Contributing types: Preferences}
{"logTime": "0409/033851", "correlationVector":"L/jIdXRRo/LPzyPb97fu/g.1","action":"SyncServerConnectionManagerRequest", "result":"SYNC_SERVER_OK", "context":{"environment":"Prod_southindia_prod-s01-004-apac-southindia", "migrationStage":"NotStarted", "server":"akswtt01100002s"}}
{"logTime": "0409/033851", "correlationVector":"L/jIdXRRo/LPzyPb97fu/g.2","action":"Commit Response", "result":"Success", "context":Result: Success. cV=L/jIdXRRo/LPzyPb97fu/g.0;server=akswtt01100002s;cloudType=Consumer;environment=Prod_southindia_prod-s01-004-apac-southindia;migrationStage=NotStarted}
{"logTime": "0409/033942", "correlationVector":"0xpbw8zR8MTRDxpZaicCpl","action":"Commit Request", "result":"", "context":Item count: 1
Contributing types: Preferences}
{"logTime": "0409/033942", "correlationVector":"0xpbw8zR8MTRDxpZaicCpl.1","action":"SyncServerConnectionManagerRequest", "result":"SYNC_SERVER_OK", "context":{"environment":"Prod_southindia_prod-s01-004-apac-southindia", "migrationStage":"NotStarted", "server":"akswtt011000002"}}
{"logTime": "0409/033942", "correlationVector":"0xpbw8zR8MTRDxpZaicCpl.2","action":"Commit Response", "result":"Success", "context":Result: Success. cV=0xpbw8zR8MTRDxpZaicCpl.0;server=akswtt011000002;cloudType=Consumer;environment=Prod_southindia_prod-s01-004-apac-southindia;migrationStage=NotStarted}
{"logTime": "0409/034340", "correlationVector":"mieXf3NuIOtziZxQtKDZoy","action":"Commit Request", "result":"", "context":Item count: 1
Contributing types: Preferences}
{"logTime": "0409/034340", "correlationVector":"mieXf3NuIOtziZxQtKDZoy.1","action":"SyncServerConnectionManagerRequest", "result":"SYNC_SERVER_OK", "context":{"environment":"Prod_southeastasia_prod-s01-065-apac-southeastasia", "migrationStage":"NotStarted", "server":"akswtt00600000y"}}
{"logTime": "0409/034340", "correlationVector":"mieXf3NuIOtziZxQtKDZoy.3","action":"Commit.Preferences", "result":"Success", "context":{"id":"31f2f5dd-6608-4609-81c9-e2f0ffbf6ad0", "isDeleted":"true", "size":"0", "version":"1744169984020"}}
{"logTime": "0409/034340", "correlationVector":"mieXf3NuIOtziZxQtKDZoy.2","action":"Commit Response", "result":"Success", "context":Result: Success. cV=mieXf3NuIOtziZxQtKDZoy.0;server=akswtt00600000y;cloudType=Consumer;environment=Prod_southeastasia_prod-s01-065-apac-southeastasia;migrationStage=NotStarted}
{"logTime": "0416/025342", "correlationVector":"VyMnqwVkyLphiRHQE3CDUv.1","action":"SyncServerConnectionManagerRequest", "result":"SYNC_SERVER_OK", "context":{"environment":"Prod_southindia_prod-s01-004-apac-southindia", "migrationStage":"NotStarted", "server":"akswtt01100001n"}}
{"logTime": "0416/025342", "correlationVector":"VyMnqwVkyLphiRHQE3CDUv.2","action":"ProcessGetUpdates", "result":"Done", "context":{"dataType":"Encryption Keys", "deleted":"0", "process_failed_to_decrypt":"0", "process_pending_decryption":"0", "process_success":"1", "total":"1"}}
{"logTime": "0416/025343", "correlationVector":"3/p4kNKdW7zssJW0ka6bGQ","action":"SyncServerConnectionManagerRequest", "result":"SYNC_SERVER_OK", "context":{"environment":"", "migrationStage":"", "server":""}}
{"logTime": "0416/025343", "correlationVector":"3/p4kNKdW7zssJW0ka6bGQ.0","action":"EncryptionKeysFetcher.DownloadKeys:", "result":"Success", "context":Key count: 5, Last key timestamp: 2025-01-04T13:47:46Z}
{"logTime": "0416/025343", "correlationVector":"3/p4kNKdW7zssJW0ka6bGQ.1","action":"EncryptionKeysManager::SetEncryptionKeys:", "result":"Success", "context":Key names[5]:[x31uf3JydoCHcN9DVCWmiGqiGg1sgolgZgF0gCExP+YONRDMJhasrPdHVuWHcLQFv5Xeg9OCX2EuYABQZ40hgg==][Mb0htGf/7FVXfCTkVC+9Ov+PpvneXeHv3EtsC/8rA920p74P0M3Vk/mQSii3Wy5B4u2LxVnhTo4FY7ZFQORC4A==][Z5x/cSAQv7YyP3vVzmQPtxZGPNNa04cZJxtYh7BJ1owD3N7JzecTvH1Qit3S3M3M1SFAfgtql5KAUTWZRXAPkQ==][FGK6KA7mFE6sT1iCpUq/Dp3zUs7zlkdMKrDKnVn+GBiMC0BpMPNf0nIvMWhJjDhOkpYxSAwp5nrteK7gxVYFlw==][qunuuN4fg9C/LphqnZghFt+Di3uUx9j1kmvgLXjdJBj/4OIaR2aZF691TAUcXHqlNYy6e+dLc47BPSpoWCE05g==]}
{"logTime": "0416/025343", "correlationVector":"3/p4kNKdW7zssJW0ka6bGQ.2","action":"EncryptionKeysManager::SetEncryptionKeysWithTimestamps:", "result":"Success", "context":Key timestamps[5]:[2022-12-25T07:05:44Z][2023-06-25T04:38:45Z][2023-12-27T15:32:58Z][2024-07-07T09:16:10Z][2025-01-04T13:47:46Z]}
{"logTime": "0416/025343", "correlationVector":"VyMnqwVkyLphiRHQE3CDUv","action":"Initial GetUpdates", "result":"", "context":Reason: NEW_CLIENT. cV=VyMnqwVkyLphiRHQE3CDUv}
{"logTime": "0416/025343", "correlationVector":"VyMnqwVkyLphiRHQE3CDUv.3","action":"GetUpdates Response", "result":"Success", "context":Received 1 update(s). cV=VyMnqwVkyLphiRHQE3CDUv.0;server=akswtt01100001n;cloudType=Consumer;environment=Prod_southindia_prod-s01-004-apac-southindia;migrationStage=NotStarted}
{"logTime": "0416/025343", "correlationVector":"0IRnd864ZrvJkqtH0KIlSX","action":"Initial GetUpdates", "result":"", "context":Reason: NEWLY_SUPPORTED_DATATYPE. cV=0IRnd864ZrvJkqtH0KIlSX}
{"logTime": "0416/025344", "correlationVector":"0IRnd864ZrvJkqtH0KIlSX.1","action":"SyncServerConnectionManagerRequest", "result":"SYNC_SERVER_OK", "context":{"environment":"Prod_southindia_prod-s01-004-apac-southindia", "migrationStage":"NotStarted", "server":"akswtt01100004r"}}
{"logTime": "0416/025344", "correlationVector":"0IRnd864ZrvJkqtH0KIlSX.2","action":"ProcessGetUpdates", "result":"Done", "context":{"dataType":"Passwords", "deleted":"0", "process_failed_to_decrypt":"0", "process_pending_decryption":"0", "process_success":"5", "total":"5"}}
{"logTime": "0416/025344", "correlationVector":"0IRnd864ZrvJkqtH0KIlSX.3","action":"GetUpdates Response", "result":"Success", "context":Received 5 update(s). cV=0IRnd864ZrvJkqtH0KIlSX.0;server=akswtt01100004r;cloudType=Consumer;environment=Prod_southindia_prod-s01-004-apac-southindia;migrationStage=NotStarted}
{"logTime": "0416/025344", "correlationVector":"J7QCPHfzZLuo2rX0OVfEkp","action":"Normal GetUpdate request", "result":"", "context":cV=J7QCPHfzZLuo2rX0OVfEkp
Nudged types: Sessions, Device Info, History
Refresh requested types: Bookmarks, Preferences, Passwords, Autofill Profiles, Autofill, Extensions, Sessions, Extension settings, History Delete Directives, Device Info, User Consents, Send Tab To Self, Web Apps, History, Saved Tab Group, Collection, Edge E Drop, Edge Hub App Usage, Edge Tab Group, Edge Wallet, Encryption Keys}
{"logTime": "0416/025345", "correlationVector":"J7QCPHfzZLuo2rX0OVfEkp.1","action":"SyncServerConnectionManagerRequest", "result":"SYNC_SERVER_OK", "context":{"environment":"Prod_southindia_prod-s01-004-apac-southindia", "migrationStage":"NotStarted", "server":"akswtt01100004r"}}
{"logTime": "0416/025345", "correlationVector":"J7QCPHfzZLuo2rX0OVfEkp.2","action":"ProcessGetUpdates", "result":"Done", "context":{"dataType":"Preferences", "deleted":"0", "process_failed_to_decrypt":"0", "process_pending_decryption":"0", "process_success":"1", "total":"1"}}
{"logTime": "0416/025345", "correlationVector":"J7QCPHfzZLuo2rX0OVfEkp.3","action":"ProcessGetUpdates", "result":"Done", "context":{"dataType":"Sessions", "deleted":"0", "process_failed_to_decrypt":"0", "process_pending_decryption":"0", "process_success":"1", "total":"1"}}
{"logTime": "0416/025345", "correlationVector":"J7QCPHfzZLuo2rX0OVfEkp.4","action":"ProcessGetUpdates", "result":"Done", "context":{"dataType":"History", "deleted":"0", "process_failed_to_decrypt":"0", "process_pending_decryption":"0", "process_success":"1", "total":"1"}}
{"logTime": "0416/025345", "correlationVector":"J7QCPHfzZLuo2rX0OVfEkp.5","action":"GetUpdates Response", "result":"Success", "context":Received 3 update(s). cV=J7QCPHfzZLuo2rX0OVfEkp.0;server=akswtt01100004r;cloudType=Consumer;environment=Prod_southindia_prod-s01-004-apac-southindia;migrationStage=NotStarted}
{"logTime": "0416/025345", "correlationVector":"JqgcBOEz3rK1SzDecVSkDJ","action":"Commit Request", "result":"", "context":Item count: 10
Contributing types: Sessions, Device Info, History}
{"logTime": "0416/025346", "correlationVector":"JqgcBOEz3rK1SzDecVSkDJ.1","action":"SyncServerConnectionManagerRequest", "result":"SYNC_SERVER_OK", "context":{"environment":"Prod_southindia_prod-s01-004-apac-southindia", "migrationStage":"NotStarted", "server":"akswtt01100005c"}}
{"logTime": "0416/025346", "correlationVector":"JqgcBOEz3rK1SzDecVSkDJ.3","action":"Commit.Sessions", "result":"Success", "context":{"id":"7cb51d02-a1ae-46ce-8bd3-3115e1e49207", "isDeleted":"true", "size":"0", "version":"1743163513880"}}
{"logTime": "0416/025346", "correlationVector":"JqgcBOEz3rK1SzDecVSkDJ.4","action":"Commit.Sessions", "result":"Success", "context":{"id":"406503bf-bb54-4beb-ba8c-88b7a444cf7c", "isDeleted":"true", "size":"0", "version":"1743241265679"}}
{"logTime": "0416/025346", "correlationVector":"JqgcBOEz3rK1SzDecVSkDJ.5","action":"Commit.Sessions", "result":"Success", "context":{"id":"b2710d32-a900-435f-857d-2fec70ccf1dd", "isDeleted":"true", "size":"0", "version":"1743163513881"}}
{"logTime": "0416/025346", "correlationVector":"JqgcBOEz3rK1SzDecVSkDJ.6","action":"Commit.Sessions", "result":"Success", "context":{"id":"a7b3aff9-feae-4a2a-b50c-d9f04e569249", "isDeleted":"true", "size":"0", "version":"1743241268538"}}
{"logTime": "0416/025346", "correlationVector":"JqgcBOEz3rK1SzDecVSkDJ.7","action":"Commit.Sessions", "result":"Success", "context":{"id":"47c8dc43-5adf-4e19-a031-1f2ba29842c0", "isDeleted":"true", "size":"0", "version":"1744342549131"}}
{"logTime": "0416/025346", "correlationVector":"JqgcBOEz3rK1SzDecVSkDJ.8","action":"Commit.Sessions", "result":"Success", "context":{"id":"d761b032-9cd8-4a87-b9fd-7c4ff7be62bc", "isDeleted":"true", "size":"0", "version":"1743163512873"}}
{"logTime": "0416/025346", "correlationVector":"JqgcBOEz3rK1SzDecVSkDJ.2","action":"Commit Response", "result":"Success", "context":Result: Success. cV=JqgcBOEz3rK1SzDecVSkDJ.0;server=akswtt01100005c;cloudType=Consumer;environment=Prod_southindia_prod-s01-004-apac-southindia;migrationStage=NotStarted}
{"logTime": "0416/025346", "correlationVector":"wwnI6IcbPhJorG6fGH/km9","action":"Poll GetUpdate request", "result":"", "context":cV=wwnI6IcbPhJorG6fGH/km9}
{"logTime": "0416/025346", "correlationVector":"wwnI6IcbPhJorG6fGH/km9.1","action":"SyncServerConnectionManagerRequest", "result":"SYNC_SERVER_OK", "context":{"environment":"Prod_southindia_prod-s01-004-apac-southindia", "migrationStage":"NotStarted", "server":"akswtt01100004r"}}
{"logTime": "0416/025346", "correlationVector":"wwnI6IcbPhJorG6fGH/km9.2","action":"ProcessGetUpdates", "result":"Done", "context":{"dataType":"Sessions", "deleted":"6", "process_failed_to_decrypt":"0", "process_pending_decryption":"0", "process_success":"8", "total":"8"}}
{"logTime": "0416/025346", "correlationVector":"wwnI6IcbPhJorG6fGH/km9.3","action":"ProcessGetUpdates", "result":"Done", "context":{"dataType":"Device Info", "deleted":"0", "process_failed_to_decrypt":"0", "process_pending_decryption":"0", "process_success":"1", "total":"1"}}
{"logTime": "0416/025346", "correlationVector":"wwnI6IcbPhJorG6fGH/km9.4","action":"ProcessGetUpdates", "result":"Done", "context":{"dataType":"History", "deleted":"0", "process_failed_to_decrypt":"0", "process_pending_decryption":"0", "process_success":"1", "total":"1"}}
{"logTime": "0416/025346", "correlationVector":"wwnI6IcbPhJorG6fGH/km9.5","action":"GetUpdates Response", "result":"Success", "context":Received 10 update(s). cV=wwnI6IcbPhJorG6fGH/km9.0;server=akswtt01100004r;cloudType=Consumer;environment=Prod_southindia_prod-s01-004-apac-southindia;migrationStage=NotStarted}
{"logTime": "0416/025353", "correlationVector":"s/AFr4V8+HUauNE9crNkb+","action":"Commit Request", "result":"", "context":Item count: 4
Contributing types: Preferences, Sessions, History}
{"logTime": "0416/025354", "correlationVector":"s/AFr4V8+HUauNE9crNkb+.1","action":"SyncServerConnectionManagerRequest", "result":"SYNC_SERVER_OK", "context":{"environment":"Prod_southindia_prod-s01-004-apac-southindia", "migrationStage":"NotStarted", "server":"akswtt011000050"}}
{"logTime": "0416/025354", "correlationVector":"s/AFr4V8+HUauNE9crNkb+.2","action":"Commit Response", "result":"Success", "context":Result: Success. cV=s/AFr4V8+HUauNE9crNkb+.0;server=akswtt011000050;cloudType=Consumer;environment=Prod_southindia_prod-s01-004-apac-southindia;migrationStage=NotStarted}
{"logTime": "0416/025409", "correlationVector":"3blSMzmnK3RyLwqtsAMQpO","action":"Commit Request", "result":"", "context":Item count: 2
Contributing types: Preferences, Sessions}
{"logTime": "0416/025413", "correlationVector":"3blSMzmnK3RyLwqtsAMQpO.1","action":"SyncServerConnectionManagerRequest", "result":"SYNC_SERVER_OK", "context":{"environment":"Prod_southindia_prod-s01-004-apac-southindia", "migrationStage":"NotStarted", "server":"akswtt01100004t"}}
{"logTime": "0416/025413", "correlationVector":"3blSMzmnK3RyLwqtsAMQpO.2","action":"Commit Response", "result":"Success", "context":Result: Success. cV=3blSMzmnK3RyLwqtsAMQpO.0;server=akswtt01100004t;cloudType=Consumer;environment=Prod_southindia_prod-s01-004-apac-southindia;migrationStage=NotStarted}
{"logTime": "0416/032430", "correlationVector":"dtaOlXUNKFNQ7ZNvhGryrD.1","action":"SyncServerConnectionManagerRequest", "result":"SYNC_SERVER_OK", "context":{"environment":"Prod_southindia_prod-s01-004-apac-southindia", "migrationStage":"NotStarted", "server":"akswtt01100002z"}}
{"logTime": "0416/032430", "correlationVector":"dtaOlXUNKFNQ7ZNvhGryrD.2","action":"ProcessGetUpdates", "result":"Done", "context":{"dataType":"Encryption Keys", "deleted":"0", "process_failed_to_decrypt":"0", "process_pending_decryption":"0", "process_success":"1", "total":"1"}}
{"logTime": "0416/032432", "correlationVector":"r263IlTgo5+rcM5/wV03/C","action":"SyncServerConnectionManagerRequest", "result":"SYNC_SERVER_OK", "context":{"environment":"", "migrationStage":"", "server":""}}
{"logTime": "0416/032432", "correlationVector":"r263IlTgo5+rcM5/wV03/C.0","action":"EncryptionKeysFetcher.DownloadKeys:", "result":"Success", "context":Key count: 5, Last key timestamp: 2025-01-04T13:47:46Z}
{"logTime": "0416/032432", "correlationVector":"r263IlTgo5+rcM5/wV03/C.1","action":"EncryptionKeysManager::SetEncryptionKeys:", "result":"Success", "context":Key names[5]:[x31uf3JydoCHcN9DVCWmiGqiGg1sgolgZgF0gCExP+YONRDMJhasrPdHVuWHcLQFv5Xeg9OCX2EuYABQZ40hgg==][Mb0htGf/7FVXfCTkVC+9Ov+PpvneXeHv3EtsC/8rA920p74P0M3Vk/mQSii3Wy5B4u2LxVnhTo4FY7ZFQORC4A==][Z5x/cSAQv7YyP3vVzmQPtxZGPNNa04cZJxtYh7BJ1owD3N7JzecTvH1Qit3S3M3M1SFAfgtql5KAUTWZRXAPkQ==][FGK6KA7mFE6sT1iCpUq/Dp3zUs7zlkdMKrDKnVn+GBiMC0BpMPNf0nIvMWhJjDhOkpYxSAwp5nrteK7gxVYFlw==][qunuuN4fg9C/LphqnZghFt+Di3uUx9j1kmvgLXjdJBj/4OIaR2aZF691TAUcXHqlNYy6e+dLc47BPSpoWCE05g==]}
{"logTime": "0416/032432", "correlationVector":"r263IlTgo5+rcM5/wV03/C.2","action":"EncryptionKeysManager::SetEncryptionKeysWithTimestamps:", "result":"Success", "context":Key timestamps[5]:[2022-12-25T07:05:44Z][2023-06-25T04:38:45Z][2023-12-27T15:32:58Z][2024-07-07T09:16:10Z][2025-01-04T13:47:46Z]}
{"logTime": "0416/032432", "correlationVector":"dtaOlXUNKFNQ7ZNvhGryrD","action":"Initial GetUpdates", "result":"", "context":Reason: NEW_CLIENT. cV=dtaOlXUNKFNQ7ZNvhGryrD}
{"logTime": "0416/032432", "correlationVector":"dtaOlXUNKFNQ7ZNvhGryrD.3","action":"GetUpdates Response", "result":"Success", "context":Received 1 update(s). cV=dtaOlXUNKFNQ7ZNvhGryrD.0;server=akswtt01100002z;cloudType=Consumer;environment=Prod_southindia_prod-s01-004-apac-southindia;migrationStage=NotStarted}
{"logTime": "0416/032432", "correlationVector":"yksTAm+DMYUu4sR8nimhiW","action":"Initial GetUpdates", "result":"", "context":Reason: NEWLY_SUPPORTED_DATATYPE. cV=yksTAm+DMYUu4sR8nimhiW}
{"logTime": "0416/032434", "correlationVector":"yksTAm+DMYUu4sR8nimhiW.1","action":"SyncServerConnectionManagerRequest", "result":"SYNC_SERVER_OK", "context":{"environment":"Prod_southindia_prod-s01-004-apac-southindia", "migrationStage":"NotStarted", "server":"akswtt01100002e"}}
{"logTime": "0416/032434", "correlationVector":"yksTAm+DMYUu4sR8nimhiW.2","action":"ProcessGetUpdates", "result":"Done", "context":{"dataType":"Passwords", "deleted":"0", "process_failed_to_decrypt":"0", "process_pending_decryption":"0", "process_success":"5", "total":"5"}}
{"logTime": "0416/032434", "correlationVector":"yksTAm+DMYUu4sR8nimhiW.3","action":"GetUpdates Response", "result":"Success", "context":Received 5 update(s). cV=yksTAm+DMYUu4sR8nimhiW.0;server=akswtt01100002e;cloudType=Consumer;environment=Prod_southindia_prod-s01-004-apac-southindia;migrationStage=NotStarted}
{"logTime": "0416/032434", "correlationVector":"KaLzppOAj8cnSxZ2prtZ0V","action":"Normal GetUpdate request", "result":"", "context":cV=KaLzppOAj8cnSxZ2prtZ0V
Nudged types: Sessions, Device Info, History
Refresh requested types: Bookmarks, Preferences, Passwords, Autofill Profiles, Autofill, Extensions, Sessions, Extension settings, History Delete Directives, Device Info, User Consents, Send Tab To Self, Web Apps, History, Saved Tab Group, Collection, Edge E Drop, Edge Hub App Usage, Edge Tab Group, Edge Wallet, Encryption Keys}
{"logTime": "0416/032434", "correlationVector":"KaLzppOAj8cnSxZ2prtZ0V.1","action":"SyncServerConnectionManagerRequest", "result":"SYNC_SERVER_OK", "context":{"environment":"Prod_southindia_prod-s01-004-apac-southindia", "migrationStage":"NotStarted", "server":"akswtt01100001p"}}
{"logTime": "0416/032434", "correlationVector":"KaLzppOAj8cnSxZ2prtZ0V.2","action":"ProcessGetUpdates", "result":"Done", "context":{"dataType":"Preferences", "deleted":"0", "process_failed_to_decrypt":"0", "process_pending_decryption":"0", "process_success":"3", "total":"3"}}
{"logTime": "0416/032434", "correlationVector":"KaLzppOAj8cnSxZ2prtZ0V.3","action":"ProcessGetUpdates", "result":"Done", "context":{"dataType":"Sessions", "deleted":"1", "process_failed_to_decrypt":"0", "process_pending_decryption":"0", "process_success":"3", "total":"3"}}
{"logTime": "0416/032434", "correlationVector":"KaLzppOAj8cnSxZ2prtZ0V.4","action":"ProcessGetUpdates", "result":"Done", "context":{"dataType":"Device Info", "deleted":"0", "process_failed_to_decrypt":"0", "process_pending_decryption":"0", "process_success":"1", "total":"1"}}
{"logTime": "0416/032434", "correlationVector":"KaLzppOAj8cnSxZ2prtZ0V.5","action":"ProcessGetUpdates", "result":"Done", "context":{"dataType":"History", "deleted":"0", "process_failed_to_decrypt":"0", "process_pending_decryption":"0", "process_success":"2", "total":"2"}}
{"logTime": "0416/032434", "correlationVector":"KaLzppOAj8cnSxZ2prtZ0V.6","action":"GetUpdates Response", "result":"Success", "context":Received 9 update(s). cV=KaLzppOAj8cnSxZ2prtZ0V.0;server=akswtt01100001p;cloudType=Consumer;environment=Prod_southindia_prod-s01-004-apac-southindia;migrationStage=NotStarted}
{"logTime": "0416/032434", "correlationVector":"4jjiAfMG/3CsCmMnhrWHc4","action":"Commit Request", "result":"", "context":Item count: 1
Contributing types: History}
{"logTime": "0416/032434", "correlationVector":"4jjiAfMG/3CsCmMnhrWHc4.1","action":"SyncServerConnectionManagerRequest", "result":"SYNC_SERVER_OK", "context":{"environment":"Prod_southindia_prod-s01-004-apac-southindia", "migrationStage":"NotStarted", "server":"akswtt01100001x"}}
{"logTime": "0416/032434", "correlationVector":"4jjiAfMG/3CsCmMnhrWHc4.2","action":"Commit Response", "result":"Success", "context":Result: Success. cV=4jjiAfMG/3CsCmMnhrWHc4.0;server=akswtt01100001x;cloudType=Consumer;environment=Prod_southindia_prod-s01-004-apac-southindia;migrationStage=NotStarted}
{"logTime": "0416/032437", "correlationVector":"l1Vj2Olt+y5u4FY2Q4tm9L","action":"Commit Request", "result":"", "context":Item count: 1
Contributing types: Preferences}
{"logTime": "0416/032437", "correlationVector":"l1Vj2Olt+y5u4FY2Q4tm9L.1","action":"SyncServerConnectionManagerRequest", "result":"SYNC_SERVER_OK", "context":{"environment":"Prod_southindia_prod-s01-004-apac-southindia", "migrationStage":"NotStarted", "server":"akswtt01100002u"}}
{"logTime": "0416/032437", "correlationVector":"l1Vj2Olt+y5u4FY2Q4tm9L.2","action":"Commit Response", "result":"Success", "context":Result: Success. cV=l1Vj2Olt+y5u4FY2Q4tm9L.0;server=akswtt01100002u;cloudType=Consumer;environment=Prod_southindia_prod-s01-004-apac-southindia;migrationStage=NotStarted}
{"logTime": "0416/032505", "correlationVector":"o96ajRquUKXPMd14dBix7y","action":"Commit Request", "result":"", "context":Item count: 3
Contributing types: Preferences, Sessions}
{"logTime": "0416/032506", "correlationVector":"o96ajRquUKXPMd14dBix7y.1","action":"SyncServerConnectionManagerRequest", "result":"SYNC_SERVER_OK", "context":{"environment":"Prod_southindia_prod-s01-004-apac-southindia", "migrationStage":"NotStarted", "server":"akswtt011000025"}}
{"logTime": "0416/032506", "correlationVector":"o96ajRquUKXPMd14dBix7y.2","action":"Commit Response", "result":"Success", "context":Result: Success. cV=o96ajRquUKXPMd14dBix7y.0;server=akswtt011000025;cloudType=Consumer;environment=Prod_southindia_prod-s01-004-apac-southindia;migrationStage=NotStarted}
{"logTime": "0416/032508", "correlationVector":"q85S3QlnYaWVYcSeMgoA1f","action":"Commit Request", "result":"", "context":Item count: 1
Contributing types: Preferences}
{"logTime": "0416/032509", "correlationVector":"q85S3QlnYaWVYcSeMgoA1f.1","action":"SyncServerConnectionManagerRequest", "result":"SYNC_SERVER_OK", "context":{"environment":"Prod_southindia_prod-s01-004-apac-southindia", "migrationStage":"NotStarted", "server":"akswtt01100001h"}}
{"logTime": "0416/032509", "correlationVector":"q85S3QlnYaWVYcSeMgoA1f.2","action":"Commit Response", "result":"Success", "context":Result: Success. cV=q85S3QlnYaWVYcSeMgoA1f.0;server=akswtt01100001h;cloudType=Consumer;environment=Prod_southindia_prod-s01-004-apac-southindia;migrationStage=NotStarted}
{"logTime": "0416/035637", "correlationVector":"J0+yCwBDX5JHR+Q4pBEaZL.1","action":"SyncServerConnectionManagerRequest", "result":"SYNC_SERVER_OK", "context":{"environment":"Prod_southindia_prod-s01-004-apac-southindia", "migrationStage":"NotStarted", "server":"akswtt01100002k"}}
{"logTime": "0416/035637", "correlationVector":"J0+yCwBDX5JHR+Q4pBEaZL.2","action":"ProcessGetUpdates", "result":"Done", "context":{"dataType":"Encryption Keys", "deleted":"0", "process_failed_to_decrypt":"0", "process_pending_decryption":"0", "process_success":"1", "total":"1"}}
{"logTime": "0416/035638", "correlationVector":"xVqqppYlcHrRfa1CjsiFX1","action":"SyncServerConnectionManagerRequest", "result":"SYNC_SERVER_OK", "context":{"environment":"", "migrationStage":"", "server":""}}
{"logTime": "0416/035638", "correlationVector":"xVqqppYlcHrRfa1CjsiFX1.0","action":"EncryptionKeysFetcher.DownloadKeys:", "result":"Success", "context":Key count: 5, Last key timestamp: 2025-01-04T13:47:46Z}
{"logTime": "0416/035638", "correlationVector":"xVqqppYlcHrRfa1CjsiFX1.1","action":"EncryptionKeysManager::SetEncryptionKeys:", "result":"Success", "context":Key names[5]:[x31uf3JydoCHcN9DVCWmiGqiGg1sgolgZgF0gCExP+YONRDMJhasrPdHVuWHcLQFv5Xeg9OCX2EuYABQZ40hgg==][Mb0htGf/7FVXfCTkVC+9Ov+PpvneXeHv3EtsC/8rA920p74P0M3Vk/mQSii3Wy5B4u2LxVnhTo4FY7ZFQORC4A==][Z5x/cSAQv7YyP3vVzmQPtxZGPNNa04cZJxtYh7BJ1owD3N7JzecTvH1Qit3S3M3M1SFAfgtql5KAUTWZRXAPkQ==][FGK6KA7mFE6sT1iCpUq/Dp3zUs7zlkdMKrDKnVn+GBiMC0BpMPNf0nIvMWhJjDhOkpYxSAwp5nrteK7gxVYFlw==][qunuuN4fg9C/LphqnZghFt+Di3uUx9j1kmvgLXjdJBj/4OIaR2aZF691TAUcXHqlNYy6e+dLc47BPSpoWCE05g==]}
{"logTime": "0416/035638", "correlationVector":"xVqqppYlcHrRfa1CjsiFX1.2","action":"EncryptionKeysManager::SetEncryptionKeysWithTimestamps:", "result":"Success", "context":Key timestamps[5]:[2022-12-25T07:05:44Z][2023-06-25T04:38:45Z][2023-12-27T15:32:58Z][2024-07-07T09:16:10Z][2025-01-04T13:47:46Z]}
{"logTime": "0416/035638", "correlationVector":"J0+yCwBDX5JHR+Q4pBEaZL","action":"Initial GetUpdates", "result":"", "context":Reason: NEW_CLIENT. cV=J0+yCwBDX5JHR+Q4pBEaZL}
{"logTime": "0416/035638", "correlationVector":"J0+yCwBDX5JHR+Q4pBEaZL.3","action":"GetUpdates Response", "result":"Success", "context":Received 1 update(s). cV=J0+yCwBDX5JHR+Q4pBEaZL.0;server=akswtt01100002k;cloudType=Consumer;environment=Prod_southindia_prod-s01-004-apac-southindia;migrationStage=NotStarted}
{"logTime": "0416/035638", "correlationVector":"pdr691MyEXAHuRflcbm5e+","action":"Initial GetUpdates", "result":"", "context":Reason: NEWLY_SUPPORTED_DATATYPE. cV=pdr691MyEXAHuRflcbm5e+}
{"logTime": "0416/035638", "correlationVector":"pdr691MyEXAHuRflcbm5e+.1","action":"SyncServerConnectionManagerRequest", "result":"SYNC_SERVER_OK", "context":{"environment":"Prod_southindia_prod-s01-004-apac-southindia", "migrationStage":"NotStarted", "server":"akswtt01100001l"}}
{"logTime": "0416/035638", "correlationVector":"pdr691MyEXAHuRflcbm5e+.2","action":"ProcessGetUpdates", "result":"Done", "context":{"dataType":"Passwords", "deleted":"0", "process_failed_to_decrypt":"0", "process_pending_decryption":"0", "process_success":"5", "total":"5"}}
{"logTime": "0416/035638", "correlationVector":"pdr691MyEXAHuRflcbm5e+.3","action":"GetUpdates Response", "result":"Success", "context":Received 5 update(s). cV=pdr691MyEXAHuRflcbm5e+.0;server=akswtt01100001l;cloudType=Consumer;environment=Prod_southindia_prod-s01-004-apac-southindia;migrationStage=NotStarted}
{"logTime": "0416/035638", "correlationVector":"PeIPLPGp84O/mQXeYcF3Lb","action":"Normal GetUpdate request", "result":"", "context":cV=PeIPLPGp84O/mQXeYcF3Lb
Nudged types: Preferences, Sessions, Device Info, History
Refresh requested types: Bookmarks, Preferences, Passwords, Autofill Profiles, Autofill, Extensions, Sessions, Extension settings, History Delete Directives, Device Info, User Consents, Send Tab To Self, Web Apps, History, Saved Tab Group, Collection, Edge E Drop, Edge Hub App Usage, Edge Tab Group, Edge Wallet, Encryption Keys}
{"logTime": "0416/035639", "correlationVector":"PeIPLPGp84O/mQXeYcF3Lb.1","action":"SyncServerConnectionManagerRequest", "result":"SYNC_SERVER_OK", "context":{"environment":"Prod_southindia_prod-s01-004-apac-southindia", "migrationStage":"NotStarted", "server":"akswtt011000025"}}
{"logTime": "0416/035639", "correlationVector":"PeIPLPGp84O/mQXeYcF3Lb.2","action":"ProcessGetUpdates", "result":"Done", "context":{"dataType":"Preferences", "deleted":"2", "process_failed_to_decrypt":"0", "process_pending_decryption":"0", "process_success":"4", "total":"4"}}
{"logTime": "0416/035639", "correlationVector":"PeIPLPGp84O/mQXeYcF3Lb.3","action":"ProcessGetUpdates", "result":"Done", "context":{"dataType":"Sessions", "deleted":"1", "process_failed_to_decrypt":"0", "process_pending_decryption":"0", "process_success":"3", "total":"3"}}
{"logTime": "0416/035639", "correlationVector":"PeIPLPGp84O/mQXeYcF3Lb.4","action":"ProcessGetUpdates", "result":"Done", "context":{"dataType":"Device Info", "deleted":"0", "process_failed_to_decrypt":"0", "process_pending_decryption":"0", "process_success":"1", "total":"1"}}
{"logTime": "0416/035639", "correlationVector":"PeIPLPGp84O/mQXeYcF3Lb.5","action":"ProcessGetUpdates", "result":"Done", "context":{"dataType":"History", "deleted":"0", "process_failed_to_decrypt":"0", "process_pending_decryption":"0", "process_success":"8", "total":"8"}}
{"logTime": "0416/035639", "correlationVector":"PeIPLPGp84O/mQXeYcF3Lb.6","action":"GetUpdates Response", "result":"Success", "context":Received 16 update(s). cV=PeIPLPGp84O/mQXeYcF3Lb.0;server=akswtt011000025;cloudType=Consumer;environment=Prod_southindia_prod-s01-004-apac-southindia;migrationStage=NotStarted}
{"logTime": "0416/035639", "correlationVector":"Lo1yYkS2oZTNkssK0zo2N9","action":"Commit Request", "result":"", "context":Item count: 1
Contributing types: History}
{"logTime": "0416/035639", "correlationVector":"Lo1yYkS2oZTNkssK0zo2N9.1","action":"SyncServerConnectionManagerRequest", "result":"SYNC_SERVER_OK", "context":{"environment":"Prod_southindia_prod-s01-004-apac-southindia", "migrationStage":"NotStarted", "server":"akswtt01100001m"}}
{"logTime": "0416/035639", "correlationVector":"Lo1yYkS2oZTNkssK0zo2N9.2","action":"Commit Response", "result":"Success", "context":Result: Success. cV=Lo1yYkS2oZTNkssK0zo2N9.0;server=akswtt01100001m;cloudType=Consumer;environment=Prod_southindia_prod-s01-004-apac-southindia;migrationStage=NotStarted}
{"logTime": "0416/035642", "correlationVector":"RPhXQ60ye9hujR+hV540zH","action":"Commit Request", "result":"", "context":Item count: 1
Contributing types: Preferences}
{"logTime": "0416/035643", "correlationVector":"RPhXQ60ye9hujR+hV540zH.1","action":"SyncServerConnectionManagerRequest", "result":"SYNC_SERVER_OK", "context":{"environment":"Prod_southindia_prod-s01-004-apac-southindia", "migrationStage":"NotStarted", "server":"akswtt01100004o"}}
{"logTime": "0416/035643", "correlationVector":"RPhXQ60ye9hujR+hV540zH.2","action":"Commit Response", "result":"Success", "context":Result: Success. cV=RPhXQ60ye9hujR+hV540zH.0;server=akswtt01100004o;cloudType=Consumer;environment=Prod_southindia_prod-s01-004-apac-southindia;migrationStage=NotStarted}
{"logTime": "0416/035725", "correlationVector":"FOZiiNfnehNx+16eNQ+vq3","action":"Commit Request", "result":"", "context":Item count: 2
Contributing types: Preferences, History}
{"logTime": "0416/035726", "correlationVector":"FOZiiNfnehNx+16eNQ+vq3.1","action":"SyncServerConnectionManagerRequest", "result":"SYNC_SERVER_OK", "context":{"environment":"Prod_southindia_prod-s01-004-apac-southindia", "migrationStage":"NotStarted", "server":"akswtt01100001l"}}
{"logTime": "0416/035726", "correlationVector":"FOZiiNfnehNx+16eNQ+vq3.2","action":"Commit Response", "result":"Success", "context":Result: Success. cV=FOZiiNfnehNx+16eNQ+vq3.0;server=akswtt01100001l;cloudType=Consumer;environment=Prod_southindia_prod-s01-004-apac-southindia;migrationStage=NotStarted}
{"logTime": "0416/035821", "correlationVector":"bWB7nBJEGleQZUOJIo98rJ","action":"Commit Request", "result":"", "context":Item count: 7
Contributing types: Preferences, Sessions, History}
{"logTime": "0416/035823", "correlationVector":"bWB7nBJEGleQZUOJIo98rJ.1","action":"SyncServerConnectionManagerRequest", "result":"SYNC_SERVER_OK", "context":{"environment":"Prod_southindia_prod-s01-004-apac-southindia", "migrationStage":"NotStarted", "server":"akswtt011000022"}}
{"logTime": "0416/035823", "correlationVector":"bWB7nBJEGleQZUOJIo98rJ.3","action":"Commit.Preferences", "result":"Success", "context":{"id":"a8af2722-b6d8-4a1d-9953-fc29695f3e58", "isDeleted":"true", "size":"0", "version":"1744775846964"}}
{"logTime": "0416/035823", "correlationVector":"bWB7nBJEGleQZUOJIo98rJ.2","action":"Commit Response", "result":"Success", "context":Result: Success. cV=bWB7nBJEGleQZUOJIo98rJ.0;server=akswtt011000022;cloudType=Consumer;environment=Prod_southindia_prod-s01-004-apac-southindia;migrationStage=NotStarted}
{"logTime": "0416/035852", "correlationVector":"f8EemTbGFdkxhJ3WueviI4","action":"Commit Request", "result":"", "context":Item count: 3
Contributing types: Sessions, Device Info, History}
{"logTime": "0416/035852", "correlationVector":"f8EemTbGFdkxhJ3WueviI4.1","action":"SyncServerConnectionManagerRequest", "result":"SYNC_SERVER_OK", "context":{"environment":"Prod_southindia_prod-s01-004-apac-southindia", "migrationStage":"NotStarted", "server":"akswtt01100001o"}}
{"logTime": "0416/035852", "correlationVector":"f8EemTbGFdkxhJ3WueviI4.2","action":"Commit Response", "result":"Success", "context":Result: Success. cV=f8EemTbGFdkxhJ3WueviI4.0;server=akswtt01100001o;cloudType=Consumer;environment=Prod_southindia_prod-s01-004-apac-southindia;migrationStage=NotStarted}
{"logTime": "0416/122235", "correlationVector":"2m2T6Uy+bv+1sI1u+WMvK+.1","action":"SyncServerConnectionManagerRequest", "result":"SYNC_SERVER_OK", "context":{"environment":"Prod_southindia_prod-s01-004-apac-southindia", "migrationStage":"NotStarted", "server":"akswtt011000012"}}
{"logTime": "0416/122235", "correlationVector":"2m2T6Uy+bv+1sI1u+WMvK+.2","action":"ProcessGetUpdates", "result":"Done", "context":{"dataType":"Encryption Keys", "deleted":"0", "process_failed_to_decrypt":"0", "process_pending_decryption":"0", "process_success":"1", "total":"1"}}
{"logTime": "0416/122237", "correlationVector":"Y8QKZo1tId9dqJSeXmIlZi","action":"SyncServerConnectionManagerRequest", "result":"SYNC_SERVER_OK", "context":{"environment":"", "migrationStage":"", "server":""}}
{"logTime": "0416/122237", "correlationVector":"Y8QKZo1tId9dqJSeXmIlZi.0","action":"EncryptionKeysFetcher.DownloadKeys:", "result":"Success", "context":Key count: 5, Last key timestamp: 2025-01-04T13:47:46Z}
{"logTime": "0416/122237", "correlationVector":"Y8QKZo1tId9dqJSeXmIlZi.1","action":"EncryptionKeysManager::SetEncryptionKeys:", "result":"Success", "context":Key names[5]:[x31uf3JydoCHcN9DVCWmiGqiGg1sgolgZgF0gCExP+YONRDMJhasrPdHVuWHcLQFv5Xeg9OCX2EuYABQZ40hgg==][Mb0htGf/7FVXfCTkVC+9Ov+PpvneXeHv3EtsC/8rA920p74P0M3Vk/mQSii3Wy5B4u2LxVnhTo4FY7ZFQORC4A==][Z5x/cSAQv7YyP3vVzmQPtxZGPNNa04cZJxtYh7BJ1owD3N7JzecTvH1Qit3S3M3M1SFAfgtql5KAUTWZRXAPkQ==][FGK6KA7mFE6sT1iCpUq/Dp3zUs7zlkdMKrDKnVn+GBiMC0BpMPNf0nIvMWhJjDhOkpYxSAwp5nrteK7gxVYFlw==][qunuuN4fg9C/LphqnZghFt+Di3uUx9j1kmvgLXjdJBj/4OIaR2aZF691TAUcXHqlNYy6e+dLc47BPSpoWCE05g==]}
{"logTime": "0416/122237", "correlationVector":"Y8QKZo1tId9dqJSeXmIlZi.2","action":"EncryptionKeysManager::SetEncryptionKeysWithTimestamps:", "result":"Success", "context":Key timestamps[5]:[2022-12-25T07:05:44Z][2023-06-25T04:38:45Z][2023-12-27T15:32:58Z][2024-07-07T09:16:10Z][2025-01-04T13:47:46Z]}
{"logTime": "0416/122237", "correlationVector":"2m2T6Uy+bv+1sI1u+WMvK+","action":"Initial GetUpdates", "result":"", "context":Reason: NEW_CLIENT. cV=2m2T6Uy+bv+1sI1u+WMvK+}
{"logTime": "0416/122237", "correlationVector":"2m2T6Uy+bv+1sI1u+WMvK+.3","action":"GetUpdates Response", "result":"Success", "context":Received 1 update(s). cV=2m2T6Uy+bv+1sI1u+WMvK+.0;server=akswtt011000012;cloudType=Consumer;environment=Prod_southindia_prod-s01-004-apac-southindia;migrationStage=NotStarted}
{"logTime": "0416/122238", "correlationVector":"cqJdvNIzXi8PmeEI4to7Rf","action":"Initial GetUpdates", "result":"", "context":Reason: NEWLY_SUPPORTED_DATATYPE. cV=cqJdvNIzXi8PmeEI4to7Rf}
{"logTime": "0416/122238", "correlationVector":"cqJdvNIzXi8PmeEI4to7Rf.1","action":"SyncServerConnectionManagerRequest", "result":"SYNC_SERVER_OK", "context":{"environment":"Prod_southindia_prod-s01-004-apac-southindia", "migrationStage":"NotStarted", "server":"akswtt01100003k"}}
{"logTime": "0416/122238", "correlationVector":"cqJdvNIzXi8PmeEI4to7Rf.2","action":"ProcessGetUpdates", "result":"Done", "context":{"dataType":"Passwords", "deleted":"0", "process_failed_to_decrypt":"0", "process_pending_decryption":"0", "process_success":"5", "total":"5"}}
{"logTime": "0416/122238", "correlationVector":"cqJdvNIzXi8PmeEI4to7Rf.3","action":"GetUpdates Response", "result":"Success", "context":Received 5 update(s). cV=cqJdvNIzXi8PmeEI4to7Rf.0;server=akswtt01100003k;cloudType=Consumer;environment=Prod_southindia_prod-s01-004-apac-southindia;migrationStage=NotStarted}
{"logTime": "0416/122238", "correlationVector":"Q341WatVuXx/ICVURY6V6m","action":"Normal GetUpdate request", "result":"", "context":cV=Q341WatVuXx/ICVURY6V6m
Nudged types: Sessions, Device Info, History
Refresh requested types: Bookmarks, Preferences, Passwords, Autofill Profiles, Autofill, Extensions, Sessions, Extension settings, History Delete Directives, Device Info, User Consents, Send Tab To Self, Web Apps, History, Saved Tab Group, Collection, Edge E Drop, Edge Hub App Usage, Edge Tab Group, Edge Wallet, Encryption Keys}
{"logTime": "0416/122238", "correlationVector":"Q341WatVuXx/ICVURY6V6m.1","action":"SyncServerConnectionManagerRequest", "result":"SYNC_SERVER_OK", "context":{"environment":"Prod_southindia_prod-s01-004-apac-southindia", "migrationStage":"NotStarted", "server":"akswtt01100002q"}}
{"logTime": "0416/122238", "correlationVector":"Q341WatVuXx/ICVURY6V6m.2","action":"ProcessGetUpdates", "result":"Done", "context":{"dataType":"Preferences", "deleted":"1", "process_failed_to_decrypt":"0", "process_pending_decryption":"0", "process_success":"2", "total":"2"}}
{"logTime": "0416/122238", "correlationVector":"Q341WatVuXx/ICVURY6V6m.3","action":"ProcessGetUpdates", "result":"Done", "context":{"dataType":"Sessions", "deleted":"0", "process_failed_to_decrypt":"0", "process_pending_decryption":"0", "process_success":"2", "total":"2"}}
{"logTime": "0416/122238", "correlationVector":"Q341WatVuXx/ICVURY6V6m.4","action":"ProcessGetUpdates", "result":"Done", "context":{"dataType":"Device Info", "deleted":"0", "process_failed_to_decrypt":"0", "process_pending_decryption":"0", "process_success":"1", "total":"1"}}
{"logTime": "0416/122238", "correlationVector":"Q341WatVuXx/ICVURY6V6m.5","action":"ProcessGetUpdates", "result":"Done", "context":{"dataType":"History", "deleted":"0", "process_failed_to_decrypt":"0", "process_pending_decryption":"0", "process_success":"4", "total":"4"}}
{"logTime": "0416/122238", "correlationVector":"Q341WatVuXx/ICVURY6V6m.6","action":"GetUpdates Response", "result":"Success", "context":Received 9 update(s). cV=Q341WatVuXx/ICVURY6V6m.0;server=akswtt01100002q;cloudType=Consumer;environment=Prod_southindia_prod-s01-004-apac-southindia;migrationStage=NotStarted}
{"logTime": "0416/122239", "correlationVector":"tSQxuklTc7zSrXRlpj47/e","action":"Commit Request", "result":"", "context":Item count: 5
Contributing types: Sessions, Device Info, History}
{"logTime": "0416/122239", "correlationVector":"tSQxuklTc7zSrXRlpj47/e.1","action":"SyncServerConnectionManagerRequest", "result":"SYNC_SERVER_OK", "context":{"environment":"Prod_southindia_prod-s01-004-apac-southindia", "migrationStage":"NotStarted", "server":"akswtt01100005a"}}
{"logTime": "0416/122239", "correlationVector":"tSQxuklTc7zSrXRlpj47/e.3","action":"Commit.Sessions", "result":"Success", "context":{"id":"dfa77e93-6752-4a5f-a90f-3a24c63dd884", "isDeleted":"true", "size":"0", "version":"1744775933217"}}
{"logTime": "0416/122239", "correlationVector":"tSQxuklTc7zSrXRlpj47/e.2","action":"Commit Response", "result":"Success", "context":Result: Success. cV=tSQxuklTc7zSrXRlpj47/e.0;server=akswtt01100005a;cloudType=Consumer;environment=Prod_southindia_prod-s01-004-apac-southindia;migrationStage=NotStarted}
{"logTime": "0416/122239", "correlationVector":"KkpTi3sVYUuwO2llLicSAh","action":"Poll GetUpdate request", "result":"", "context":cV=KkpTi3sVYUuwO2llLicSAh}
{"logTime": "0416/122239", "correlationVector":"KkpTi3sVYUuwO2llLicSAh.1","action":"SyncServerConnectionManagerRequest", "result":"SYNC_SERVER_OK", "context":{"environment":"Prod_southindia_prod-s01-004-apac-southindia", "migrationStage":"NotStarted", "server":"akswtt01100002q"}}
{"logTime": "0416/122239", "correlationVector":"KkpTi3sVYUuwO2llLicSAh.2","action":"ProcessGetUpdates", "result":"Done", "context":{"dataType":"Sessions", "deleted":"1", "process_failed_to_decrypt":"0", "process_pending_decryption":"0", "process_success":"3", "total":"3"}}
{"logTime": "0416/122239", "correlationVector":"KkpTi3sVYUuwO2llLicSAh.3","action":"ProcessGetUpdates", "result":"Done", "context":{"dataType":"Device Info", "deleted":"0", "process_failed_to_decrypt":"0", "process_pending_decryption":"0", "process_success":"1", "total":"1"}}
{"logTime": "0416/122239", "correlationVector":"KkpTi3sVYUuwO2llLicSAh.4","action":"ProcessGetUpdates", "result":"Done", "context":{"dataType":"History", "deleted":"0", "process_failed_to_decrypt":"0", "process_pending_decryption":"0", "process_success":"1", "total":"1"}}
{"logTime": "0416/122239", "correlationVector":"KkpTi3sVYUuwO2llLicSAh.5","action":"GetUpdates Response", "result":"Success", "context":Received 5 update(s). cV=KkpTi3sVYUuwO2llLicSAh.0;server=akswtt01100002q;cloudType=Consumer;environment=Prod_southindia_prod-s01-004-apac-southindia;migrationStage=NotStarted}
{"logTime": "0416/122243", "correlationVector":"lxthTQEULBFlNdB+vRCeTW","action":"Commit Request", "result":"", "context":Item count: 2
Contributing types: Preferences}
{"logTime": "0416/122243", "correlationVector":"lxthTQEULBFlNdB+vRCeTW.1","action":"SyncServerConnectionManagerRequest", "result":"SYNC_SERVER_OK", "context":{"environment":"Prod_southindia_prod-s01-004-apac-southindia", "migrationStage":"NotStarted", "server":"akswtt01100002z"}}
{"logTime": "0416/122243", "correlationVector":"lxthTQEULBFlNdB+vRCeTW.2","action":"Commit Response", "result":"Success", "context":Result: Success. cV=lxthTQEULBFlNdB+vRCeTW.0;server=akswtt01100002z;cloudType=Consumer;environment=Prod_southindia_prod-s01-004-apac-southindia;migrationStage=NotStarted}
{"logTime": "0428/114408", "correlationVector":"q3cRHlXwmuEyDp1Ztkkryj.1","action":"SyncServerConnectionManagerRequest", "result":"SYNC_SERVER_OK", "context":{"environment":"Prod_southindia_prod-s01-004-apac-southindia", "migrationStage":"NotStarted", "server":"akswtt012000017"}}
{"logTime": "0428/114408", "correlationVector":"q3cRHlXwmuEyDp1Ztkkryj.2","action":"ProcessGetUpdates", "result":"Done", "context":{"dataType":"Encryption Keys", "deleted":"0", "process_failed_to_decrypt":"0", "process_pending_decryption":"0", "process_success":"1", "total":"1"}}
{"logTime": "0428/114409", "correlationVector":"YPvzoI7S6CedQJ4Q+QWXkT","action":"SyncServerConnectionManagerRequest", "result":"SYNC_SERVER_OK", "context":{"environment":"", "migrationStage":"", "server":""}}
{"logTime": "0428/114409", "correlationVector":"YPvzoI7S6CedQJ4Q+QWXkT.0","action":"EncryptionKeysFetcher.DownloadKeys:", "result":"Success", "context":Key count: 5, Last key timestamp: 2025-01-04T13:47:46Z}
{"logTime": "0428/114409", "correlationVector":"YPvzoI7S6CedQJ4Q+QWXkT.1","action":"EncryptionKeysManager::SetEncryptionKeys:", "result":"Success", "context":Key names[5]:[x31uf3JydoCHcN9DVCWmiGqiGg1sgolgZgF0gCExP+YONRDMJhasrPdHVuWHcLQFv5Xeg9OCX2EuYABQZ40hgg==][Mb0htGf/7FVXfCTkVC+9Ov+PpvneXeHv3EtsC/8rA920p74P0M3Vk/mQSii3Wy5B4u2LxVnhTo4FY7ZFQORC4A==][Z5x/cSAQv7YyP3vVzmQPtxZGPNNa04cZJxtYh7BJ1owD3N7JzecTvH1Qit3S3M3M1SFAfgtql5KAUTWZRXAPkQ==][FGK6KA7mFE6sT1iCpUq/Dp3zUs7zlkdMKrDKnVn+GBiMC0BpMPNf0nIvMWhJjDhOkpYxSAwp5nrteK7gxVYFlw==][qunuuN4fg9C/LphqnZghFt+Di3uUx9j1kmvgLXjdJBj/4OIaR2aZF691TAUcXHqlNYy6e+dLc47BPSpoWCE05g==]}
{"logTime": "0428/114409", "correlationVector":"YPvzoI7S6CedQJ4Q+QWXkT.2","action":"EncryptionKeysManager::SetEncryptionKeysWithTimestamps:", "result":"Success", "context":Key timestamps[5]:[2022-12-25T07:05:44Z][2023-06-25T04:38:45Z][2023-12-27T15:32:58Z][2024-07-07T09:16:10Z][2025-01-04T13:47:46Z]}
{"logTime": "0428/114409", "correlationVector":"q3cRHlXwmuEyDp1Ztkkryj","action":"Initial GetUpdates", "result":"", "context":Reason: NEW_CLIENT. cV=q3cRHlXwmuEyDp1Ztkkryj}
{"logTime": "0428/114409", "correlationVector":"q3cRHlXwmuEyDp1Ztkkryj.3","action":"GetUpdates Response", "result":"Success", "context":Received 1 update(s). cV=q3cRHlXwmuEyDp1Ztkkryj.0;server=akswtt012000017;cloudType=Consumer;environment=Prod_southindia_prod-s01-004-apac-southindia;migrationStage=NotStarted}
{"logTime": "0428/114409", "correlationVector":"3QNDDYf1LYeR44kU0PVfyg","action":"Initial GetUpdates", "result":"", "context":Reason: NEWLY_SUPPORTED_DATATYPE. cV=3QNDDYf1LYeR44kU0PVfyg}
{"logTime": "0428/114409", "correlationVector":"3QNDDYf1LYeR44kU0PVfyg.1","action":"SyncServerConnectionManagerRequest", "result":"SYNC_SERVER_OK", "context":{"environment":"Prod_southindia_prod-s01-004-apac-southindia", "migrationStage":"NotStarted", "server":"akswtt01200001g"}}
{"logTime": "0428/114409", "correlationVector":"3QNDDYf1LYeR44kU0PVfyg.2","action":"ProcessGetUpdates", "result":"Done", "context":{"dataType":"Passwords", "deleted":"0", "process_failed_to_decrypt":"0", "process_pending_decryption":"0", "process_success":"5", "total":"5"}}
{"logTime": "0428/114409", "correlationVector":"3QNDDYf1LYeR44kU0PVfyg.3","action":"GetUpdates Response", "result":"Success", "context":Received 5 update(s). cV=3QNDDYf1LYeR44kU0PVfyg.0;server=akswtt01200001g;cloudType=Consumer;environment=Prod_southindia_prod-s01-004-apac-southindia;migrationStage=NotStarted}
{"logTime": "0428/114410", "correlationVector":"uY5zb8Z+aHr5VLz2KYVq52","action":"Normal GetUpdate request", "result":"", "context":cV=uY5zb8Z+aHr5VLz2KYVq52
Nudged types: Preferences, Sessions, Device Info, History
Refresh requested types: Bookmarks, Preferences, Passwords, Autofill Profiles, Autofill, Extensions, Sessions, Extension settings, History Delete Directives, Device Info, User Consents, Send Tab To Self, Web Apps, History, Saved Tab Group, Collection, Edge E Drop, Edge Hub App Usage, Edge Tab Group, Edge Wallet, Encryption Keys}
{"logTime": "0428/114411", "correlationVector":"uY5zb8Z+aHr5VLz2KYVq52.1","action":"SyncServerConnectionManagerRequest", "result":"SYNC_SERVER_OK", "context":{"environment":"Prod_southindia_prod-s01-004-apac-southindia", "migrationStage":"NotStarted", "server":"akswtt012000022"}}
{"logTime": "0428/114411", "correlationVector":"uY5zb8Z+aHr5VLz2KYVq52.2","action":"ProcessGetUpdates", "result":"Done", "context":{"dataType":"Bookmarks", "deleted":"0", "process_failed_to_decrypt":"0", "process_pending_decryption":"0", "process_success":"1", "total":"1"}}
{"logTime": "0428/114411", "correlationVector":"uY5zb8Z+aHr5VLz2KYVq52.3","action":"ProcessGetUpdates", "result":"Done", "context":{"dataType":"Preferences", "deleted":"2", "process_failed_to_decrypt":"0", "process_pending_decryption":"0", "process_success":"8", "total":"8"}}
{"logTime": "0428/114411", "correlationVector":"uY5zb8Z+aHr5VLz2KYVq52.4","action":"ProcessGetUpdates", "result":"Done", "context":{"dataType":"Sessions", "deleted":"6", "process_failed_to_decrypt":"0", "process_pending_decryption":"0", "process_success":"15", "total":"15"}}
{"logTime": "0428/114411", "correlationVector":"uY5zb8Z+aHr5VLz2KYVq52.5","action":"ProcessGetUpdates", "result":"Done", "context":{"dataType":"Device Info", "deleted":"0", "process_failed_to_decrypt":"0", "process_pending_decryption":"0", "process_success":"5", "total":"5"}}
{"logTime": "0428/114411", "correlationVector":"uY5zb8Z+aHr5VLz2KYVq52.6","action":"ProcessGetUpdates", "result":"Done", "context":{"dataType":"History", "deleted":"0", "process_failed_to_decrypt":"0", "process_pending_decryption":"0", "process_success":"42", "total":"42"}}
{"logTime": "0428/114411", "correlationVector":"uY5zb8Z+aHr5VLz2KYVq52.7","action":"ProcessGetUpdates", "result":"Done", "context":{"dataType":"Edge Hub App Usage", "deleted":"2", "process_failed_to_decrypt":"0", "process_pending_decryption":"0", "process_success":"5", "total":"5"}}
{"logTime": "0428/114411", "correlationVector":"uY5zb8Z+aHr5VLz2KYVq52.8","action":"GetUpdates Response", "result":"Success", "context":Received 76 update(s). cV=uY5zb8Z+aHr5VLz2KYVq52.0;server=akswtt012000022;cloudType=Consumer;environment=Prod_southindia_prod-s01-004-apac-southindia;migrationStage=NotStarted}
{"logTime": "0428/114411", "correlationVector":"8qFJUK+rz+Bny1qpKkiCxP","action":"Commit Request", "result":"", "context":Item count: 4
Contributing types: Sessions}
{"logTime": "0428/114411", "correlationVector":"8qFJUK+rz+Bny1qpKkiCxP.1","action":"SyncServerConnectionManagerRequest", "result":"SYNC_SERVER_OK", "context":{"environment":"Prod_southindia_prod-s01-004-apac-southindia", "migrationStage":"NotStarted", "server":"akswtt01200000w"}}
{"logTime": "0428/114411", "correlationVector":"8qFJUK+rz+Bny1qpKkiCxP.3","action":"Commit.Sessions", "result":"Success", "context":{"id":"8f8a0f8c-f532-405a-a65d-19e9941a25eb", "isDeleted":"true", "size":"0", "version":"1744167668187"}}
{"logTime": "0428/114411", "correlationVector":"8qFJUK+rz+Bny1qpKkiCxP.2","action":"Commit Response", "result":"Success", "context":Result: Success. cV=8qFJUK+rz+Bny1qpKkiCxP.0;server=akswtt01200000w;cloudType=Consumer;environment=Prod_southindia_prod-s01-004-apac-southindia;migrationStage=NotStarted}
{"logTime": "0428/114411", "correlationVector":"8qFJUK+rz+Bny1qpKkiCxP.4","action":"Commit.Sessions", "result":"Success", "context":{"id":"43033ed2-40a1-418e-92f7-3a982e39e42b", "isDeleted":"true", "size":"0", "version":"1743651631316"}}
{"logTime": "0428/114411", "correlationVector":"8qFJUK+rz+Bny1qpKkiCxP.5","action":"Commit.Sessions", "result":"Success", "context":{"id":"7c2ad044-778b-4e9f-99f9-5e17cb123454", "isDeleted":"true", "size":"0", "version":"1744169119834"}}
{"logTime": "0428/114411", "correlationVector":"8qFJUK+rz+Bny1qpKkiCxP.6","action":"Commit.Sessions", "result":"Success", "context":{"id":"8ae3f066-3848-4910-bd3b-c37cab87bb40", "isDeleted":"true", "size":"0", "version":"1743650860960"}}
{"logTime": "0428/114411", "correlationVector":"Sh4SM3FW8CfSUiuvtOUX2F","action":"Poll GetUpdate request", "result":"", "context":cV=Sh4SM3FW8CfSUiuvtOUX2F}
{"logTime": "0428/114411", "correlationVector":"Sh4SM3FW8CfSUiuvtOUX2F.1","action":"SyncServerConnectionManagerRequest", "result":"SYNC_SERVER_OK", "context":{"environment":"Prod_southindia_prod-s01-004-apac-southindia", "migrationStage":"NotStarted", "server":"akswtt01200000i"}}
{"logTime": "0428/114411", "correlationVector":"Sh4SM3FW8CfSUiuvtOUX2F.2","action":"ProcessGetUpdates", "result":"Done", "context":{"dataType":"Sessions", "deleted":"4", "process_failed_to_decrypt":"0", "process_pending_decryption":"0", "process_success":"4", "total":"4"}}
{"logTime": "0428/114411", "correlationVector":"Sh4SM3FW8CfSUiuvtOUX2F.3","action":"GetUpdates Response", "result":"Success", "context":Received 4 update(s). cV=Sh4SM3FW8CfSUiuvtOUX2F.0;server=akswtt01200000i;cloudType=Consumer;environment=Prod_southindia_prod-s01-004-apac-southindia;migrationStage=NotStarted}
{"logTime": "0428/114411", "correlationVector":"aloR9W/kv1agm63291nmtw","action":"DoCompareDataConsistency: ", "result":"has local changes and skip compare"}
{"logTime": "0428/114413", "correlationVector":"A3np2budCimYrb3NWEDKgj","action":"Commit Request", "result":"", "context":Item count: 1
Contributing types: Preferences}
{"logTime": "0428/114414", "correlationVector":"A3np2budCimYrb3NWEDKgj.1","action":"SyncServerConnectionManagerRequest", "result":"SYNC_SERVER_OK", "context":{"environment":"Prod_southindia_prod-s01-004-apac-southindia", "migrationStage":"NotStarted", "server":"akswtt012000020"}}
{"logTime": "0428/114414", "correlationVector":"A3np2budCimYrb3NWEDKgj.2","action":"Commit Response", "result":"Success", "context":Result: Success. cV=A3np2budCimYrb3NWEDKgj.0;server=akswtt012000020;cloudType=Consumer;environment=Prod_southindia_prod-s01-004-apac-southindia;migrationStage=NotStarted}
{"logTime": "0428/114440", "correlationVector":"AJN92LMb2X+H+JRo3F2PL+","action":"Commit Request", "result":"", "context":Item count: 4
Contributing types: Preferences, Sessions, History}
{"logTime": "0428/114441", "correlationVector":"AJN92LMb2X+H+JRo3F2PL+.1","action":"SyncServerConnectionManagerRequest", "result":"SYNC_SERVER_OK", "context":{"environment":"Prod_southindia_prod-s01-004-apac-southindia", "migrationStage":"NotStarted", "server":"akswtt01200000s"}}
{"logTime": "0428/114441", "correlationVector":"AJN92LMb2X+H+JRo3F2PL+.2","action":"Commit Response", "result":"Success", "context":Result: Success. cV=AJN92LMb2X+H+JRo3F2PL+.0;server=akswtt01200000s;cloudType=Consumer;environment=Prod_southindia_prod-s01-004-apac-southindia;migrationStage=NotStarted}
{"logTime": "0428/114612", "correlationVector":"M9931J6ccCwjyf7WbG8t9X","action":"Commit Request", "result":"", "context":Item count: 1
Contributing types: Device Info}
{"logTime": "0428/114612", "correlationVector":"M9931J6ccCwjyf7WbG8t9X.1","action":"SyncServerConnectionManagerRequest", "result":"SYNC_SERVER_OK", "context":{"environment":"Prod_southindia_prod-s01-004-apac-southindia", "migrationStage":"NotStarted", "server":"akswtt012000000"}}
{"logTime": "0428/114612", "correlationVector":"M9931J6ccCwjyf7WbG8t9X.2","action":"Commit Response", "result":"Success", "context":Result: Success. cV=M9931J6ccCwjyf7WbG8t9X.0;server=akswtt012000000;cloudType=Consumer;environment=Prod_southindia_prod-s01-004-apac-southindia;migrationStage=NotStarted}
{"logTime": "0428/114840", "correlationVector":"c9GKxHHVZFgR93Jlxue0Q9","action":"Commit Request", "result":"", "context":Item count: 1
Contributing types: Preferences}
{"logTime": "0428/114841", "correlationVector":"c9GKxHHVZFgR93Jlxue0Q9.1","action":"SyncServerConnectionManagerRequest", "result":"SYNC_SERVER_OK", "context":{"environment":"Prod_southindia_prod-s01-004-apac-southindia", "migrationStage":"NotStarted", "server":"akswtt012000028"}}
{"logTime": "0428/114841", "correlationVector":"c9GKxHHVZFgR93Jlxue0Q9.3","action":"Commit.Preferences", "result":"Success", "context":{"id":"7969ff5a-2ef6-4665-8cc3-1aa8b9758895", "isDeleted":"true", "size":"0", "version":"1745840688777"}}
{"logTime": "0428/114841", "correlationVector":"c9GKxHHVZFgR93Jlxue0Q9.2","action":"Commit Response", "result":"Success", "context":Result: Success. cV=c9GKxHHVZFgR93Jlxue0Q9.0;server=akswtt012000028;cloudType=Consumer;environment=Prod_southindia_prod-s01-004-apac-southindia;migrationStage=NotStarted}
